<?xml version="1.0" encoding="UTF-8"?>
<!-- Generated by org.testng.reporters.JUnitReportReporter -->
<testsuite hostname="LAPTOP-D69U9AJL" failures="0" tests="1" name="in.dBankDemo.Testscripts.TestRunner" time="13.791" errors="0" timestamp="2023-09-16T16:19:38 IST" skipped="0">
  <testcase classname="in.dBankDemo.Testscripts.TestRunner" name="runScenario" time="13.791"/>
  <system-out/>
</testsuite> <!-- in.dBankDemo.Testscripts.TestRunner -->
